Skipping install of 'fishSim' from a github remote, the SHA1 (12c85524) has not changed since last install.
  Use `force = TRUE` to force installation
Skipping install of 'CKMRpop' from a github remote, the SHA1 (8c18687c) has not changed since last install.
  Use `force = TRUE` to force installation
── Attaching packages ─────────────────────────────────────── tidyverse 1.3.0 ──
✔ ggplot2 3.3.3     ✔ purrr   0.3.4
✔ tibble  3.0.6     ✔ dplyr   1.0.4
✔ tidyr   1.1.2     ✔ stringr 1.4.0
✔ readr   1.4.0     ✔ forcats 0.5.0
── Conflicts ────────────────────────────────────────── tidyverse_conflicts() ──
✖ dplyr::filter() masks stats::filter()
✖ dplyr::lag()    masks stats::lag()
Running spip in directory /tmp/RtmpNmgbJm/file199f626c92171f
Done running spip. Output file size is 4.911227 Mb
Processing output file with awk
Done processing output into spip_pedigree.tsv, spip_prekill_census.tsv, and spip_samples.tsv
Running spip in directory /tmp/RtmpNmgbJm/file199f6275ce0fb4
Done running spip. Output file size is 9.347786 Mb
Processing output file with awk
Done processing output into spip_pedigree.tsv, spip_prekill_census.tsv, and spip_samples.tsv
Running spip in directory /tmp/RtmpNmgbJm/file199f6225e7bbd7
Done running spip. Output file size is 22.526515 Mb
Processing output file with awk
Done processing output into spip_pedigree.tsv, spip_prekill_census.tsv, and spip_samples.tsv
Running spip in directory /tmp/RtmpNmgbJm/file199f6223b349f2
Done running spip. Output file size is 45.009739 Mb
Processing output file with awk
Done processing output into spip_pedigree.tsv, spip_prekill_census.tsv, and spip_samples.tsv
Running spip in directory /tmp/RtmpNmgbJm/file199f6242c37eb8
Done running spip. Output file size is 90.344483 Mb
Processing output file with awk
Done processing output into spip_pedigree.tsv, spip_prekill_census.tsv, and spip_samples.tsv
Running spip in directory /tmp/RtmpNmgbJm/file199f623955d3a7
Done running spip. Output file size is 226.118136 Mb
Processing output file with awk
Done processing output into spip_pedigree.tsv, spip_prekill_census.tsv, and spip_samples.tsv
Running spip in directory /tmp/RtmpNmgbJm/file199f626038f7d3
Done running spip. Output file size is 459.067513 Mb
Processing output file with awk
Done processing output into spip_pedigree.tsv, spip_prekill_census.tsv, and spip_samples.tsv
Running spip in directory /tmp/RtmpNmgbJm/file199f624a526584
Done running spip. Output file size is 926.138872 Mb
Processing output file with awk
Done processing output into spip_pedigree.tsv, spip_prekill_census.tsv, and spip_samples.tsv
